13/11/2025 11:56:59	Este registro contiene información acerca de la operación de importación de esquema en el proyecto 'WideWorldImporters_DW' del equipo 'DESKTOP-E0AVMNU' por el usuario 'Usuario'.
13/11/2025 11:56:59	Se inició la importación del esquema de la base de datos.
13/11/2025 11:57:02	Recopilando credenciales de la base de datos
13/11/2025 11:57:02	Recopilando opciones de base de datos
13/11/2025 11:57:02	Recopilando la opción de configuración de ámbito de la base de datos genérica
13/11/2025 11:57:02	Recopilando usuarios
13/11/2025 11:57:02	Recopilando roles
13/11/2025 11:57:02	Recopilando roles de aplicación
13/11/2025 11:57:02	Recopilando pertenencias a roles
13/11/2025 11:57:02	Recopilando grupos de archivos
13/11/2025 11:57:02	Recopilando catálogos de texto completo
13/11/2025 11:57:02	Recopilando ensamblados
13/11/2025 11:57:02	Recopilando certificados
13/11/2025 11:57:02	Recopilando claves asimétricas
13/11/2025 11:57:02	Recopilando claves simétricas
13/11/2025 11:57:02	Recopilando claves simétricas cifradas
13/11/2025 11:57:02	Recopilando esquemas
13/11/2025 11:57:02	Recopilando colecciones de esquemas XML
13/11/2025 11:57:02	Recopilando tipos de datos definidos por el usuario
13/11/2025 11:57:02	Recopilando tipos definidos por el usuario
13/11/2025 11:57:02	Recopilando tipos de tabla
13/11/2025 11:57:02	Recopilando claves únicas para tipos de tabla
13/11/2025 11:57:02	Recopilando claves principales para tipos de tabla
13/11/2025 11:57:02	Recopilando índices para tipos de tablas
13/11/2025 11:57:02	Recopilando restricciones CHECK para tipos de tabla
13/11/2025 11:57:02	Recopilando restricciones DEFAULT para tipos de tabla
13/11/2025 11:57:02	Recopilando funciones de partición
13/11/2025 11:57:02	Recopilando esquemas de partición
13/11/2025 11:57:02	Recopilando funciones
13/11/2025 11:57:02	Recopilando funciones cifradas
13/11/2025 11:57:02	Recopilando agregados
13/11/2025 11:57:02	Recopilando procedimientos
13/11/2025 11:57:02	Recopilando procedimientos cifrados
13/11/2025 11:57:02	Recopilando tablas
13/11/2025 11:57:03	Recopilando claves principales
13/11/2025 11:57:03	Recopilando restricciones UNIQUE
13/11/2025 11:57:03	Recopilando claves externas
13/11/2025 11:57:03	Recopilando restricciones DEFAULT
13/11/2025 11:57:03	Recopilando restricciones CHECK
13/11/2025 11:57:03	Recopilando vistas
13/11/2025 11:57:03	Recopilando vistas cifradas
13/11/2025 11:57:03	Recopilando índices
13/11/2025 11:57:03	Recopilando estadísticas
13/11/2025 11:57:03	Recopilando listas de palabras irrelevantes de índices de texto completo
13/11/2025 11:57:03	Recopilando listas de propiedades de búsqueda
13/11/2025 11:57:03	Recopilando propiedades de búsqueda
13/11/2025 11:57:03	Recopilando índices de texto completo
13/11/2025 11:57:03	Recopilando índices de almacenamiento de columnas
13/11/2025 11:57:03	Recopilando índices espaciales
13/11/2025 11:57:03	Recopilando índices XML
13/11/2025 11:57:03	Recopilando índices XML selectivos
13/11/2025 11:57:03	Recopilando desencadenadores cifrados
13/11/2025 11:57:03	Recopilando desencadenadores
13/11/2025 11:57:03	Recopilando DDL triggers cifrados y de CLR
13/11/2025 11:57:03	Recopilando DDL triggers
13/11/2025 11:57:03	Creación de la restricción perimetral en curso
13/11/2025 11:57:03	Recopilando sinónimos
13/11/2025 11:57:03	Recopilando valores predeterminados
13/11/2025 11:57:03	Recopilando enlaces UDDT de restricción de datos
13/11/2025 11:57:03	Recopilando reglas
13/11/2025 11:57:03	Recopilando enlaces UDDT de restricción de datos
13/11/2025 11:57:03	Recopilando tipos de mensaje
13/11/2025 11:57:03	Recopilando colas
13/11/2025 11:57:03	Recopilando contratos
13/11/2025 11:57:03	Recopilando servicios
13/11/2025 11:57:03	Recopilando notificaciones de eventos
13/11/2025 11:57:03	Recopilando enlaces de servicio remoto
13/11/2025 11:57:03	Recopilando prioridades de Broker
13/11/2025 11:57:03	Recopilando firmas
13/11/2025 11:57:03	Recopilando opciones de compresión
13/11/2025 11:57:03	Recopilando tipos de secuencia
13/11/2025 11:57:03	Recopilando directivas de seguridad
13/11/2025 11:57:03	Recopilar claves de cifrado de columna
13/11/2025 11:57:04	Recopilando claves maestras de columna
13/11/2025 11:57:04	Recopilando orígenes de datos externos
13/11/2025 11:57:04	Recopilando formatos de archivo externos
13/11/2025 11:57:04	Recopilando tablas externas
13/11/2025 11:57:04	Recopilando propiedades extendidas
13/11/2025 11:57:04	Recopilando ensamblados
13/11/2025 11:57:04	Recopilando credenciales
13/11/2025 11:57:04	Recopilando inicios de sesión
13/11/2025 11:57:04	Recopilando auditorías de servidor
13/11/2025 11:57:05	Buscando elementos duplicados en el proyecto
13/11/2025 11:57:05	Ha finalizado el procesamiento de los elementos duplicados
13/11/2025 11:57:11	Finalizó la importación de la base de datos.
13/11/2025 11:57:11	Se guardó un resumen de la importación en la siguiente ubicación: C:\Users\Usuario\Desktop\TP_Bd_Aplicada\WideWorldImporters_BI_Solution\WideWorldImporters_DW\Registros de importación de esquemas\WideWorldImporters_D_20251113025659.log
13/11/2025 11:57:11	Haga clic en Finalizar para continuar...
